This file contains any messages produced by compilers while
running configure, to aid debugging if configure makes a mistake.

It was created by configure, which was
generated by GNU Autoconf 2.64.  Invocation command line was

  $ ./configure --disable-option-checking --prefix=/usr/local --program-transform-name=s,y,y, --build=x86_64-pc-linux-gnu --host=x86_64-pc-linux-gnu --target=x86_64-pc-linux-gnu build_alias=x86_64-pc-linux-gnu host_alias=x86_64-pc-linux-gnu target_alias=x86_64-pc-linux-gnu CC=gcc CFLAGS=-g -O2 LDFLAGS=-static-libstdc++ -static-libgcc  CXX=g++ CXXFLAGS=-g -O2 MAKEINFO=/root/holbertonschool-low_level_programming/0x02-functions_nested_loops/gdb-7.11/missing makeinfo --split-size=5000000 YACC=/root/holbertonschool-low_level_programming/0x02-functions_nested_loops/gdb-7.11/missing bison -y --cache-file=.././config.cache --srcdir=.

## --------- ##
## Platform. ##
## --------- ##

hostname = 94d310aac602
uname -m = x86_64
uname -r = 5.4.0-1037-aws
uname -s = Linux
uname -v = #39~18.04.1-Ubuntu SMP Fri Jan 15 02:48:42 UTC 2021

/usr/bin/uname -p = unknown
/bin/uname -X     = unknown

/bin/arch              = unknown
/usr/bin/arch -k       = unknown
/usr/convex/getsysinfo = unknown
/usr/bin/hostinfo      = unknown
/bin/machine           = unknown
/usr/bin/oslevel       = unknown
/bin/universe          = unknown

PATH: /usr/local/sbin
PATH: /usr/local/bin
PATH: /usr/sbin
PATH: /usr/bin
PATH: /sbin
PATH: /bin


## ----------- ##
## Core tests. ##
## ----------- ##

configure:2491: loading cache .././config.cache
configure:2579: checking whether to enable maintainer-specific portions of Makefiles
configure:2588: result: no
configure:2610: checking for x86_64-pc-linux-gnu-gcc
configure:2637: result: gcc
configure:2906: checking for C compiler version
configure:2915: gcc --version >&5
gcc (Ubuntu 4.8.4-2ubuntu1~14.04.4) 4.8.4
Copyright (C) 2013 Free Software Foundation, Inc.
This is free software; see the source for copying conditions.  There is NO
warranty; not even for MERCHANTABILITY or FITNESS FOR A PARTICULAR PURPOSE.

configure:2926: $? = 0
configure:2915: gcc -v >&5
Using built-in specs.
COLLECT_GCC=gcc
COLLECT_LTO_WRAPPER=/usr/lib/gcc/x86_64-linux-gnu/4.8/lto-wrapper
Target: x86_64-linux-gnu
Configured with: ../src/configure -v --with-pkgversion='Ubuntu 4.8.4-2ubuntu1~14.04.4' --with-bugurl=file:///usr/share/doc/gcc-4.8/README.Bugs --enable-languages=c,c++,java,go,d,fortran,objc,obj-c++ --prefix=/usr --program-suffix=-4.8 --enable-shared --enable-linker-build-id --libexecdir=/usr/lib --without-included-gettext --enable-threads=posix --with-gxx-include-dir=/usr/include/c++/4.8 --libdir=/usr/lib --enable-nls --with-sysroot=/ --enable-clocale=gnu --enable-libstdcxx-debug --enable-libstdcxx-time=yes --enable-gnu-unique-object --disable-libmudflap --enable-plugin --with-system-zlib --disable-browser-plugin --enable-java-awt=gtk --enable-gtk-cairo --with-java-home=/usr/lib/jvm/java-1.5.0-gcj-4.8-amd64/jre --enable-java-home --with-jvm-root-dir=/usr/lib/jvm/java-1.5.0-gcj-4.8-amd64 --with-jvm-jar-dir=/usr/lib/jvm-exports/java-1.5.0-gcj-4.8-amd64 --with-arch-directory=amd64 --with-ecj-jar=/usr/share/java/eclipse-ecj.jar --enable-objc-gc --enable-multiarch --disable-werror --with-arch-32=i686 --with-abi=m64 --with-multilib-list=m32,m64,mx32 --with-tune=generic --enable-checking=release --build=x86_64-linux-gnu --host=x86_64-linux-gnu --target=x86_64-linux-gnu
Thread model: posix
gcc version 4.8.4 (Ubuntu 4.8.4-2ubuntu1~14.04.4) 
configure:2926: $? = 0
configure:2915: gcc -V >&5
gcc: error: unrecognized command line option '-V'
gcc: fatal error: no input files
compilation terminated.
configure:2926: $? = 4
configure:2915: gcc -qversion >&5
gcc: error: unrecognized command line option '-qversion'
gcc: fatal error: no input files
compilation terminated.
configure:2926: $? = 4
configure:2946: checking for C compiler default output file name
configure:2968: gcc -g -O2  -static-libstdc++ -static-libgcc  conftest.c  >&5
configure:2972: $? = 0
configure:3009: result: a.out
configure:3025: checking whether the C compiler works
configure:3034: ./a.out
configure:3038: $? = 0
configure:3053: result: yes
configure:3060: checking whether we are cross compiling
configure:3062: result: no
configure:3065: checking for suffix of executables
configure:3072: gcc -o conftest -g -O2  -static-libstdc++ -static-libgcc  conftest.c  >&5
configure:3076: $? = 0
configure:3098: result: 
configure:3104: checking for suffix of object files
configure:3151: result: o
configure:3155: checking whether we are using the GNU C compiler
configure:3183: result: yes
configure:3192: checking whether gcc accepts -g
configure:3253: result: yes
configure:3270: checking for gcc option to accept ISO C89
configure:3347: result: none needed
configure:3479: checking for C++ compiler version
configure:3488: g++ --version >&5
g++ (Ubuntu 4.8.4-2ubuntu1~14.04.4) 4.8.4
Copyright (C) 2013 Free Software Foundation, Inc.
This is free software; see the source for copying conditions.  There is NO
warranty; not even for MERCHANTABILITY or FITNESS FOR A PARTICULAR PURPOSE.

configure:3499: $? = 0
configure:3488: g++ -v >&5
Using built-in specs.
COLLECT_GCC=g++
COLLECT_LTO_WRAPPER=/usr/lib/gcc/x86_64-linux-gnu/4.8/lto-wrapper
Target: x86_64-linux-gnu
Configured with: ../src/configure -v --with-pkgversion='Ubuntu 4.8.4-2ubuntu1~14.04.4' --with-bugurl=file:///usr/share/doc/gcc-4.8/README.Bugs --enable-languages=c,c++,java,go,d,fortran,objc,obj-c++ --prefix=/usr --program-suffix=-4.8 --enable-shared --enable-linker-build-id --libexecdir=/usr/lib --without-included-gettext --enable-threads=posix --with-gxx-include-dir=/usr/include/c++/4.8 --libdir=/usr/lib --enable-nls --with-sysroot=/ --enable-clocale=gnu --enable-libstdcxx-debug --enable-libstdcxx-time=yes --enable-gnu-unique-object --disable-libmudflap --enable-plugin --with-system-zlib --disable-browser-plugin --enable-java-awt=gtk --enable-gtk-cairo --with-java-home=/usr/lib/jvm/java-1.5.0-gcj-4.8-amd64/jre --enable-java-home --with-jvm-root-dir=/usr/lib/jvm/java-1.5.0-gcj-4.8-amd64 --with-jvm-jar-dir=/usr/lib/jvm-exports/java-1.5.0-gcj-4.8-amd64 --with-arch-directory=amd64 --with-ecj-jar=/usr/share/java/eclipse-ecj.jar --enable-objc-gc --enable-multiarch --disable-werror --with-arch-32=i686 --with-abi=m64 --with-multilib-list=m32,m64,mx32 --with-tune=generic --enable-checking=release --build=x86_64-linux-gnu --host=x86_64-linux-gnu --target=x86_64-linux-gnu
Thread model: posix
gcc version 4.8.4 (Ubuntu 4.8.4-2ubuntu1~14.04.4) 
configure:3499: $? = 0
configure:3488: g++ -V >&5
g++: error: unrecognized command line option '-V'
g++: fatal error: no input files
compilation terminated.
configure:3499: $? = 4
configure:3488: g++ -qversion >&5
g++: error: unrecognized command line option '-qversion'
g++: fatal error: no input files
compilation terminated.
configure:3499: $? = 4
configure:3503: checking whether we are using the GNU C++ compiler
configure:3531: result: yes
configure:3540: checking whether g++ accepts -g
configure:3601: result: yes
configure:3630: checking how to run the C preprocessor
configure:3700: result: gcc -E
configure:3720: gcc -E  conftest.c
configure:3720: $? = 0
configure:3734: gcc -E  conftest.c
conftest.c:9:28: fatal error: ac_nonexistent.h: No such file or directory
 #include <ac_nonexistent.h>
                            ^
compilation terminated.
configure:3734: $? = 1
configure: failed program was:
| /* confdefs.h */
| #define PACKAGE_NAME ""
| #define PACKAGE_TARNAME ""
| #define PACKAGE_VERSION ""
| #define PACKAGE_STRING ""
| #define PACKAGE_BUGREPORT ""
| #define PACKAGE_URL ""
| /* end confdefs.h.  */
| #include <ac_nonexistent.h>
configure:3763: checking for grep that handles long lines and -e
configure:3821: result: /bin/grep
configure:3826: checking for egrep
configure:3888: result: /bin/grep -E
configure:3893: checking for ANSI C header files
configure:3997: result: yes
configure:4010: checking for sys/types.h
configure:4010: result: yes
configure:4010: checking for sys/stat.h
configure:4010: result: yes
configure:4010: checking for stdlib.h
configure:4010: result: yes
configure:4010: checking for string.h
configure:4010: result: yes
configure:4010: checking for memory.h
configure:4010: result: yes
configure:4010: checking for strings.h
configure:4010: result: yes
configure:4010: checking for inttypes.h
configure:4010: result: yes
configure:4010: checking for stdint.h
configure:4010: result: yes
configure:4010: checking for unistd.h
configure:4010: result: yes
configure:4024: checking for minix/config.h
configure:4024: result: no
configure:4045: checking whether it is safe to define __EXTENSIONS__
configure:4070: result: yes
configure:4092: checking for special C compiler options needed for large files
configure:4137: result: no
configure:4143: checking for _FILE_OFFSET_BITS value needed for large files
configure:4200: result: no
configure:4311: checking build system type
configure:4325: result: x86_64-pc-linux-gnu
configure:4345: checking host system type
configure:4358: result: x86_64-pc-linux-gnu
configure:4378: checking target system type
configure:4391: result: x86_64-pc-linux-gnu
configure:4433: checking for a BSD-compatible install
configure:4501: result: /usr/bin/install -c
configure:4515: checking for x86_64-pc-linux-gnu-ar
configure:4542: result: ar
configure:4607: checking for x86_64-pc-linux-gnu-ranlib
configure:4634: result: ranlib
configure:4708: checking for ANSI C header files
configure:4812: result: yes
configure:4953: checking dependency style of gcc
configure:5038: result: gcc3
configure:5052: checking for make
configure:5079: result: make
configure:5104: checking whether make sets $(MAKE)
configure:5126: result: yes
configure:5213: === configuring in build-gnulib-gdbserver (/root/holbertonschool-low_level_programming/0x02-functions_nested_loops/gdb-7.11/gdb/gdbserver/build-gnulib-gdbserver)
configure:5240: running /bin/bash .././../gnulib/configure --disable-option-checking '--prefix=/usr/local'  '--program-transform-name=s,y,y,' '--build=x86_64-pc-linux-gnu' '--host=x86_64-pc-linux-gnu' '--target=x86_64-pc-linux-gnu' 'build_alias=x86_64-pc-linux-gnu' 'host_alias=x86_64-pc-linux-gnu' 'target_alias=x86_64-pc-linux-gnu' 'CC=gcc' 'CFLAGS=-g -O2' 'LDFLAGS=-static-libstdc++ -static-libgcc ' 'CXX=g++' 'CXXFLAGS=-g -O2' 'MAKEINFO=/root/holbertonschool-low_level_programming/0x02-functions_nested_loops/gdb-7.11/missing makeinfo --split-size=5000000' 'YACC=/root/holbertonschool-low_level_programming/0x02-functions_nested_loops/gdb-7.11/missing bison -y' --cache-file=.././config.cache --srcdir=.././../gnulib
configure:5316: === configuring in build-libiberty-gdbserver (/root/holbertonschool-low_level_programming/0x02-functions_nested_loops/gdb-7.11/gdb/gdbserver/build-libiberty-gdbserver)
configure:5343: running /bin/bash .././../../libiberty/configure --disable-option-checking '--prefix=/usr/local'  '--program-transform-name=s,y,y,' '--build=x86_64-pc-linux-gnu' '--host=x86_64-pc-linux-gnu' '--target=x86_64-pc-linux-gnu' 'build_alias=x86_64-pc-linux-gnu' 'host_alias=x86_64-pc-linux-gnu' 'target_alias=x86_64-pc-linux-gnu' 'CC=gcc' 'CFLAGS=-g -O2' 'LDFLAGS=-static-libstdc++ -static-libgcc ' 'CXX=g++' 'CXXFLAGS=-g -O2' 'MAKEINFO=/root/holbertonschool-low_level_programming/0x02-functions_nested_loops/gdb-7.11/missing makeinfo --split-size=5000000' 'YACC=/root/holbertonschool-low_level_programming/0x02-functions_nested_loops/gdb-7.11/missing bison -y' --cache-file=.././config.cache --srcdir=.././../../libiberty
configure:5356: checking for sgtty.h
configure:5356: result: yes
configure:5356: checking for termio.h
configure:5356: result: yes
configure:5356: checking for termios.h
configure:5356: result: yes
configure:5356: checking for sys/reg.h
configure:5356: result: yes
configure:5356: checking for string.h
configure:5356: result: yes
configure:5356: checking for proc_service.h
configure:5356: result: no
configure:5356: checking for sys/procfs.h
configure:5356: result: yes
configure:5356: checking linux/elf.h usability
configure:5356: gcc -c -g -O2  conftest.c >&5
configure:5356: $? = 0
configure:5356: result: yes
configure:5356: checking linux/elf.h presence
configure:5356: gcc -E  conftest.c
configure:5356: $? = 0
configure:5356: result: yes
configure:5356: checking for linux/elf.h
configure:5356: result: yes
configure:5356: checking fcntl.h usability
configure:5356: gcc -c -g -O2  conftest.c >&5
configure:5356: $? = 0
configure:5356: result: yes
configure:5356: checking fcntl.h presence
configure:5356: gcc -E  conftest.c
configure:5356: $? = 0
configure:5356: result: yes
configure:5356: checking for fcntl.h
configure:5356: result: yes
configure:5356: checking for signal.h
configure:5356: result: yes
configure:5356: checking for sys/file.h
configure:5356: result: yes
configure:5356: checking for sys/ioctl.h
configure:5356: result: yes
configure:5356: checking netinet/in.h usability
configure:5356: gcc -c -g -O2  conftest.c >&5
configure:5356: $? = 0
configure:5356: result: yes
configure:5356: checking netinet/in.h presence
configure:5356: gcc -E  conftest.c
configure:5356: $? = 0
configure:5356: result: yes
configure:5356: checking for netinet/in.h
configure:5356: result: yes
configure:5356: checking for sys/socket.h
configure:5356: result: yes
configure:5356: checking netdb.h usability
configure:5356: gcc -c -g -O2  conftest.c >&5
configure:5356: $? = 0
configure:5356: result: yes
configure:5356: checking netdb.h presence
configure:5356: gcc -E  conftest.c
configure:5356: $? = 0
configure:5356: result: yes
configure:5356: checking for netdb.h
configure:5356: result: yes
configure:5356: checking netinet/tcp.h usability
configure:5356: gcc -c -g -O2  conftest.c >&5
configure:5356: $? = 0
configure:5356: result: yes
configure:5356: checking netinet/tcp.h presence
configure:5356: gcc -E  conftest.c
configure:5356: $? = 0
configure:5356: result: yes
configure:5356: checking for netinet/tcp.h
configure:5356: result: yes
configure:5356: checking arpa/inet.h usability
configure:5356: gcc -c -g -O2  conftest.c >&5
configure:5356: $? = 0
configure:5356: result: yes
configure:5356: checking arpa/inet.h presence
configure:5356: gcc -E  conftest.c
configure:5356: $? = 0
configure:5356: result: yes
configure:5356: checking for arpa/inet.h
configure:5356: result: yes
configure:5367: checking for pid_t
configure:5367: result: yes
configure:5380: checking for vfork.h
configure:5380: result: no
configure:5393: checking for fork
configure:5393: result: yes
configure:5393: checking for vfork
configure:5393: result: yes
configure:5404: checking for working fork
configure:5436: result: yes
configure:5457: checking for working vfork
configure:5567: result: yes
configure:5595: checking for getauxval
configure:5595: result: yes
configure:5595: checking for pread
configure:5595: result: yes
configure:5595: checking for pwrite
configure:5595: result: yes
configure:5595: checking for pread64
configure:5595: result: yes
configure:5595: checking for setns
configure:5595: result: yes
configure:5607: checking for ANSI C header files
configure:5711: result: yes
configure:5721: checking for working alloca.h
configure:5746: result: yes
configure:5754: checking for alloca
configure:5799: result: yes
configure:5911: checking for nl_langinfo and CODESET
configure:5936: result: yes
configure:5948: checking for linux/perf_event.h
configure:5948: result: yes
configure:5948: checking for locale.h
configure:5948: result: yes
configure:5948: checking for memory.h
configure:5948: result: yes
configure:5948: checking for signal.h
configure:5948: result: yes
configure:5948: checking for sys/resource.h
configure:5948: result: yes
configure:5948: checking for sys/socket.h
configure:5948: result: yes
configure:5948: checking for sys/syscall.h
configure:5948: result: yes
configure:5948: checking for sys/un.h
configure:5948: result: yes
configure:5948: checking for sys/wait.h
configure:5948: result: yes
configure:5948: checking for thread_db.h
configure:5948: result: yes
configure:5948: checking for wait.h
configure:5948: result: yes
configure:5963: checking for fdwalk
configure:5963: result: no
configure:5963: checking for getrlimit
configure:5963: result: yes
configure:5963: checking for pipe
configure:5963: result: yes
configure:5963: checking for pipe2
configure:5963: result: yes
configure:5963: checking for socketpair
configure:5963: result: yes
configure:5974: checking whether strerror is declared
configure:5974: result: yes
configure:5984: checking whether strstr is declared
configure:5984: result: yes
configure:5996: checking for sigsetjmp
configure:6021: result: yes
configure:6037: checking for sys/ptrace.h
configure:6037: result: yes
configure:6037: checking for ptrace.h
configure:6037: result: no
configure:6070: checking whether ptrace is declared
configure:6070: result: yes
configure:6092: checking return type of ptrace
configure:6131: result: long
configure:6139: checking types of arguments for ptrace
configure:6215: result: enum __ptrace_request,int,long,long
configure:6301: checking for ust
configure:6317: gcc -c -g -O2   conftest.c >&5
conftest.c:80:21: fatal error: ust/ust.h: No such file or directory
 #include <ust/ust.h>
                     ^
compilation terminated.
configure:6317: $? = 1
configure: failed program was:
| /* confdefs.h */
| #define PACKAGE_NAME ""
| #define PACKAGE_TARNAME ""
| #define PACKAGE_VERSION ""
| #define PACKAGE_STRING ""
| #define PACKAGE_BUGREPORT ""
| #define PACKAGE_URL ""
| #define STDC_HEADERS 1
| #define HAVE_SYS_TYPES_H 1
| #define HAVE_SYS_STAT_H 1
| #define HAVE_STDLIB_H 1
| #define HAVE_STRING_H 1
| #define HAVE_MEMORY_H 1
| #define HAVE_STRINGS_H 1
| #define HAVE_INTTYPES_H 1
| #define HAVE_STDINT_H 1
| #define HAVE_UNISTD_H 1
| #define __EXTENSIONS__ 1
| #define _ALL_SOURCE 1
| #define _GNU_SOURCE 1
| #define _POSIX_PTHREAD_SEMANTICS 1
| #define _TANDEM_SOURCE 1
| #define STDC_HEADERS 1
| #define HAVE_SGTTY_H 1
| #define HAVE_TERMIO_H 1
| #define HAVE_TERMIOS_H 1
| #define HAVE_SYS_REG_H 1
| #define HAVE_STRING_H 1
| #define HAVE_SYS_PROCFS_H 1
| #define HAVE_LINUX_ELF_H 1
| #define HAVE_FCNTL_H 1
| #define HAVE_SIGNAL_H 1
| #define HAVE_SYS_FILE_H 1
| #define HAVE_SYS_IOCTL_H 1
| #define HAVE_NETINET_IN_H 1
| #define HAVE_SYS_SOCKET_H 1
| #define HAVE_NETDB_H 1
| #define HAVE_NETINET_TCP_H 1
| #define HAVE_ARPA_INET_H 1
| #define HAVE_FORK 1
| #define HAVE_VFORK 1
| #define HAVE_WORKING_VFORK 1
| #define HAVE_WORKING_FORK 1
| #define HAVE_GETAUXVAL 1
| #define HAVE_PREAD 1
| #define HAVE_PWRITE 1
| #define HAVE_PREAD64 1
| #define HAVE_SETNS 1
| #define STDC_HEADERS 1
| #define HAVE_ALLOCA_H 1
| #define HAVE_ALLOCA 1
| #define HAVE_LANGINFO_CODESET 1
| #define HAVE_LINUX_PERF_EVENT_H 1
| #define HAVE_LOCALE_H 1
| #define HAVE_MEMORY_H 1
| #define HAVE_SIGNAL_H 1
| #define HAVE_SYS_RESOURCE_H 1
| #define HAVE_SYS_SOCKET_H 1
| #define HAVE_SYS_SYSCALL_H 1
| #define HAVE_SYS_UN_H 1
| #define HAVE_SYS_WAIT_H 1
| #define HAVE_THREAD_DB_H 1
| #define HAVE_WAIT_H 1
| #define HAVE_GETRLIMIT 1
| #define HAVE_PIPE 1
| #define HAVE_PIPE2 1
| #define HAVE_SOCKETPAIR 1
| #define HAVE_DECL_STRERROR 1
| #define HAVE_DECL_STRSTR 1
| #define HAVE_SIGSETJMP 1
| #define HAVE_SYS_PTRACE_H 1
| #define HAVE_DECL_PTRACE 1
| #define PTRACE_TYPE_RET long
| #define PTRACE_TYPE_ARG1 enum __ptrace_request
| #define PTRACE_TYPE_ARG3 long
| #define PTRACE_TYPE_ARG4 long
| /* end confdefs.h.  */
| 
| #define CONFIG_UST_GDB_INTEGRATION
| #include <ust/ust.h>
| 
| int
| main ()
| {
| 
|   ;
|   return 0;
| }
configure:6323: result: no
configure:6423: checking compiler warning flags
configure:6456: gcc -c -g -O2 -Wall  conftest.c >&5
configure:6456: $? = 0
configure:6456: gcc -c -g -O2 -Wpointer-arith  conftest.c >&5
configure:6456: $? = 0
configure:6456: gcc -c -g -O2 -Wunused  conftest.c >&5
configure:6456: $? = 0
configure:6456: gcc -c -g -O2 -Wunused-value  conftest.c >&5
configure:6456: $? = 0
configure:6456: gcc -c -g -O2 -Wunused-function  conftest.c >&5
configure:6456: $? = 0
configure:6456: gcc -c -g -O2 -Wswitch  conftest.c >&5
configure:6456: $? = 0
configure:6456: gcc -c -g -O2 -Wchar-subscripts  conftest.c >&5
configure:6456: $? = 0
configure:6456: gcc -c -g -O2 -Wempty-body  conftest.c >&5
configure:6456: $? = 0
configure:6456: gcc -c -g -O2 -Wpointer-sign  conftest.c >&5
configure:6456: $? = 0
configure:6456: gcc -c -g -O2 -Wmissing-prototypes  conftest.c >&5
configure:6456: $? = 0
configure:6456: gcc -c -g -O2 -Wdeclaration-after-statement  conftest.c >&5
configure:6456: $? = 0
configure:6456: gcc -c -g -O2 -Wmissing-parameter-type  conftest.c >&5
configure:6456: $? = 0
configure:6456: gcc -c -g -O2 -Wold-style-declaration  conftest.c >&5
configure:6456: $? = 0
configure:6456: gcc -c -g -O2 -Wold-style-definition  conftest.c >&5
conftest.c: In function 'main':
conftest.c:80:1: warning: old-style function definition [-Wold-style-definition]
 main ()
 ^
configure:6456: $? = 0
configure:6456: gcc -c -g -O2 -Wformat-nonliteral  conftest.c >&5
configure:6456: $? = 0
configure:6464: result:  -Wall -Wpointer-arith -Wno-unused -Wunused-value -Wunused-function -Wno-switch -Wno-char-subscripts -Wempty-body -Wpointer-sign -Wmissing-prototypes -Wdeclaration-after-statement -Wmissing-parameter-type -Wold-style-declaration -Wold-style-definition -Wformat-nonliteral 
configure:6489: checking for dladdr
configure:6489: gcc -o conftest -g -O2  -static-libstdc++ -static-libgcc  conftest.c  -ldl >&5
configure:6489: $? = 0
configure:6489: result: yes
configure:6502: checking for long long
configure:6502: result: yes
configure:6513: checking size of long long
configure:6533: result: 8
configure:6546: checking whether basename is declared
configure:6546: result: yes
configure:6556: checking whether ffs is declared
configure:6556: result: yes
configure:6566: checking whether asprintf is declared
configure:6566: result: yes
configure:6576: checking whether vasprintf is declared
configure:6576: result: yes
configure:6586: checking whether snprintf is declared
configure:6586: result: yes
configure:6596: checking whether vsnprintf is declared
configure:6596: result: yes
configure:6607: checking whether strtol is declared
configure:6607: result: yes
configure:6617: checking whether strtoul is declared
configure:6617: result: yes
configure:6627: checking whether strtoll is declared
configure:6627: result: yes
configure:6637: checking whether strtoull is declared
configure:6637: result: yes
configure:6648: checking whether strverscmp is declared
configure:6648: result: yes
configure:6661: checking whether strerror is declared
configure:6661: result: yes
configure:6671: checking whether perror is declared
configure:6671: gcc -c -g -O2  conftest.c >&5
configure:6671: $? = 0
configure:6671: result: yes
configure:6681: checking whether vasprintf is declared
configure:6681: result: yes
configure:6691: checking whether vsnprintf is declared
configure:6691: result: yes
configure:6703: checking for struct stat.st_blocks
configure:6703: result: yes
configure:6712: checking for struct stat.st_blksize
configure:6712: result: yes
configure:6723: checking for socklen_t
configure:6723: result: yes
configure:6750: checking for Elf32_auxv_t
configure:6750: gcc -c -g -O2  conftest.c >&5
configure:6750: $? = 0
configure:6750: gcc -c -g -O2  conftest.c >&5
conftest.c: In function 'main':
conftest.c:105:27: error: expected expression before ')' token
 if (sizeof ((Elf32_auxv_t)))
                           ^
configure:6750: $? = 1
configure: failed program was:
| /* confdefs.h */
| #define PACKAGE_NAME ""
| #define PACKAGE_TARNAME ""
| #define PACKAGE_VERSION ""
| #define PACKAGE_STRING ""
| #define PACKAGE_BUGREPORT ""
| #define PACKAGE_URL ""
| #define STDC_HEADERS 1
| #define HAVE_SYS_TYPES_H 1
| #define HAVE_SYS_STAT_H 1
| #define HAVE_STDLIB_H 1
| #define HAVE_STRING_H 1
| #define HAVE_MEMORY_H 1
| #define HAVE_STRINGS_H 1
| #define HAVE_INTTYPES_H 1
| #define HAVE_STDINT_H 1
| #define HAVE_UNISTD_H 1
| #define __EXTENSIONS__ 1
| #define _ALL_SOURCE 1
| #define _GNU_SOURCE 1
| #define _POSIX_PTHREAD_SEMANTICS 1
| #define _TANDEM_SOURCE 1
| #define STDC_HEADERS 1
| #define HAVE_SGTTY_H 1
| #define HAVE_TERMIO_H 1
| #define HAVE_TERMIOS_H 1
| #define HAVE_SYS_REG_H 1
| #define HAVE_STRING_H 1
| #define HAVE_SYS_PROCFS_H 1
| #define HAVE_LINUX_ELF_H 1
| #define HAVE_FCNTL_H 1
| #define HAVE_SIGNAL_H 1
| #define HAVE_SYS_FILE_H 1
| #define HAVE_SYS_IOCTL_H 1
| #define HAVE_NETINET_IN_H 1
| #define HAVE_SYS_SOCKET_H 1
| #define HAVE_NETDB_H 1
| #define HAVE_NETINET_TCP_H 1
| #define HAVE_ARPA_INET_H 1
| #define HAVE_FORK 1
| #define HAVE_VFORK 1
| #define HAVE_WORKING_VFORK 1
| #define HAVE_WORKING_FORK 1
| #define HAVE_GETAUXVAL 1
| #define HAVE_PREAD 1
| #define HAVE_PWRITE 1
| #define HAVE_PREAD64 1
| #define HAVE_SETNS 1
| #define STDC_HEADERS 1
| #define HAVE_ALLOCA_H 1
| #define HAVE_ALLOCA 1
| #define HAVE_LANGINFO_CODESET 1
| #define HAVE_LINUX_PERF_EVENT_H 1
| #define HAVE_LOCALE_H 1
| #define HAVE_MEMORY_H 1
| #define HAVE_SIGNAL_H 1
| #define HAVE_SYS_RESOURCE_H 1
| #define HAVE_SYS_SOCKET_H 1
| #define HAVE_SYS_SYSCALL_H 1
| #define HAVE_SYS_UN_H 1
| #define HAVE_SYS_WAIT_H 1
| #define HAVE_THREAD_DB_H 1
| #define HAVE_WAIT_H 1
| #define HAVE_GETRLIMIT 1
| #define HAVE_PIPE 1
| #define HAVE_PIPE2 1
| #define HAVE_SOCKETPAIR 1
| #define HAVE_DECL_STRERROR 1
| #define HAVE_DECL_STRSTR 1
| #define HAVE_SIGSETJMP 1
| #define HAVE_SYS_PTRACE_H 1
| #define HAVE_DECL_PTRACE 1
| #define PTRACE_TYPE_RET long
| #define PTRACE_TYPE_ARG1 enum __ptrace_request
| #define PTRACE_TYPE_ARG3 long
| #define PTRACE_TYPE_ARG4 long
| #define HAVE_DLADDR 1
| #define HAVE_LONG_LONG 1
| #define SIZEOF_LONG_LONG 8
| #define HAVE_DECL_BASENAME 1
| #define HAVE_DECL_FFS 1
| #define HAVE_DECL_ASPRINTF 1
| #define HAVE_DECL_VASPRINTF 1
| #define HAVE_DECL_SNPRINTF 1
| #define HAVE_DECL_VSNPRINTF 1
| #define HAVE_DECL_STRTOL 1
| #define HAVE_DECL_STRTOUL 1
| #define HAVE_DECL_STRTOLL 1
| #define HAVE_DECL_STRTOULL 1
| #define HAVE_DECL_STRVERSCMP 1
| #define HAVE_DECL_STRERROR 1
| #define HAVE_DECL_PERROR 1
| #define HAVE_DECL_VASPRINTF 1
| #define HAVE_DECL_VSNPRINTF 1
| #define HAVE_STRUCT_STAT_ST_BLOCKS 1
| #define HAVE_STRUCT_STAT_ST_BLKSIZE 1
| #define HAVE_SOCKLEN_T 1
| /* end confdefs.h.  */
| #include <elf.h>
| 
| 
| int
| main ()
| {
| if (sizeof ((Elf32_auxv_t)))
| 	    return 0;
|   ;
|   return 0;
| }
configure:6750: result: yes
configure:6761: checking for Elf64_auxv_t
configure:6761: gcc -c -g -O2  conftest.c >&5
configure:6761: $? = 0
configure:6761: gcc -c -g -O2  conftest.c >&5
conftest.c: In function 'main':
conftest.c:106:27: error: expected expression before ')' token
 if (sizeof ((Elf64_auxv_t)))
                           ^
configure:6761: $? = 1
configure: failed program was:
| /* confdefs.h */
| #define PACKAGE_NAME ""
| #define PACKAGE_TARNAME ""
| #define PACKAGE_VERSION ""
| #define PACKAGE_STRING ""
| #define PACKAGE_BUGREPORT ""
| #define PACKAGE_URL ""
| #define STDC_HEADERS 1
| #define HAVE_SYS_TYPES_H 1
| #define HAVE_SYS_STAT_H 1
| #define HAVE_STDLIB_H 1
| #define HAVE_STRING_H 1
| #define HAVE_MEMORY_H 1
| #define HAVE_STRINGS_H 1
| #define HAVE_INTTYPES_H 1
| #define HAVE_STDINT_H 1
| #define HAVE_UNISTD_H 1
| #define __EXTENSIONS__ 1
| #define _ALL_SOURCE 1
| #define _GNU_SOURCE 1
| #define _POSIX_PTHREAD_SEMANTICS 1
| #define _TANDEM_SOURCE 1
| #define STDC_HEADERS 1
| #define HAVE_SGTTY_H 1
| #define HAVE_TERMIO_H 1
| #define HAVE_TERMIOS_H 1
| #define HAVE_SYS_REG_H 1
| #define HAVE_STRING_H 1
| #define HAVE_SYS_PROCFS_H 1
| #define HAVE_LINUX_ELF_H 1
| #define HAVE_FCNTL_H 1
| #define HAVE_SIGNAL_H 1
| #define HAVE_SYS_FILE_H 1
| #define HAVE_SYS_IOCTL_H 1
| #define HAVE_NETINET_IN_H 1
| #define HAVE_SYS_SOCKET_H 1
| #define HAVE_NETDB_H 1
| #define HAVE_NETINET_TCP_H 1
| #define HAVE_ARPA_INET_H 1
| #define HAVE_FORK 1
| #define HAVE_VFORK 1
| #define HAVE_WORKING_VFORK 1
| #define HAVE_WORKING_FORK 1
| #define HAVE_GETAUXVAL 1
| #define HAVE_PREAD 1
| #define HAVE_PWRITE 1
| #define HAVE_PREAD64 1
| #define HAVE_SETNS 1
| #define STDC_HEADERS 1
| #define HAVE_ALLOCA_H 1
| #define HAVE_ALLOCA 1
| #define HAVE_LANGINFO_CODESET 1
| #define HAVE_LINUX_PERF_EVENT_H 1
| #define HAVE_LOCALE_H 1
| #define HAVE_MEMORY_H 1
| #define HAVE_SIGNAL_H 1
| #define HAVE_SYS_RESOURCE_H 1
| #define HAVE_SYS_SOCKET_H 1
| #define HAVE_SYS_SYSCALL_H 1
| #define HAVE_SYS_UN_H 1
| #define HAVE_SYS_WAIT_H 1
| #define HAVE_THREAD_DB_H 1
| #define HAVE_WAIT_H 1
| #define HAVE_GETRLIMIT 1
| #define HAVE_PIPE 1
| #define HAVE_PIPE2 1
| #define HAVE_SOCKETPAIR 1
| #define HAVE_DECL_STRERROR 1
| #define HAVE_DECL_STRSTR 1
| #define HAVE_SIGSETJMP 1
| #define HAVE_SYS_PTRACE_H 1
| #define HAVE_DECL_PTRACE 1
| #define PTRACE_TYPE_RET long
| #define PTRACE_TYPE_ARG1 enum __ptrace_request
| #define PTRACE_TYPE_ARG3 long
| #define PTRACE_TYPE_ARG4 long
| #define HAVE_DLADDR 1
| #define HAVE_LONG_LONG 1
| #define SIZEOF_LONG_LONG 8
| #define HAVE_DECL_BASENAME 1
| #define HAVE_DECL_FFS 1
| #define HAVE_DECL_ASPRINTF 1
| #define HAVE_DECL_VASPRINTF 1
| #define HAVE_DECL_SNPRINTF 1
| #define HAVE_DECL_VSNPRINTF 1
| #define HAVE_DECL_STRTOL 1
| #define HAVE_DECL_STRTOUL 1
| #define HAVE_DECL_STRTOLL 1
| #define HAVE_DECL_STRTOULL 1
| #define HAVE_DECL_STRVERSCMP 1
| #define HAVE_DECL_STRERROR 1
| #define HAVE_DECL_PERROR 1
| #define HAVE_DECL_VASPRINTF 1
| #define HAVE_DECL_VSNPRINTF 1
| #define HAVE_STRUCT_STAT_ST_BLOCKS 1
| #define HAVE_STRUCT_STAT_ST_BLKSIZE 1
| #define HAVE_SOCKLEN_T 1
| #define HAVE_ELF32_AUXV_T 1
| /* end confdefs.h.  */
| #include <elf.h>
| 
| 
| int
| main ()
| {
| if (sizeof ((Elf64_auxv_t)))
| 	    return 0;
|   ;
|   return 0;
| }
configure:6761: result: yes
configure:6927: checking for PTRACE_GETREGS
configure:6943: gcc -c -g -O2  conftest.c >&5
configure:6943: $? = 0
configure:6951: result: yes
configure:6959: checking for PTRACE_GETFPXREGS
configure:6975: gcc -c -g -O2  conftest.c >&5
configure:6975: $? = 0
configure:6983: result: yes
configure:6999: checking for lwpid_t in sys/procfs.h
configure:7033: result: yes
configure:7036: checking for psaddr_t in sys/procfs.h
configure:7070: result: yes
configure:7073: checking for prgregset_t in sys/procfs.h
configure:7107: result: yes
configure:7110: checking for prfpregset_t in sys/procfs.h
configure:7144: result: yes
configure:7147: checking for elf_fpregset_t in sys/procfs.h
configure:7167: gcc -c -g -O2  conftest.c >&5
configure:7167: $? = 0
configure:7181: result: yes
configure:7261: checking for dlopen in -ldl
configure:7286: gcc -o conftest -g -O2  -static-libstdc++ -static-libgcc  conftest.c -ldl   >&5
configure:7286: $? = 0
configure:7295: result: yes
configure:7314: checking for the dynamic export flag
configure:7332: gcc -o conftest -g -O2  -static-libstdc++ -static-libgcc  -Wl,--dynamic-list=./proc-service.list conftest.c  >&5
configure:7332: $? = 0
configure:7362: result: -Wl,--dynamic-list
configure:7372: checking for TD_VERSION
configure:7388: gcc -c -g -O2  conftest.c >&5
configure:7388: $? = 0
configure:7395: result: yes
configure:7435: checking whether the target supports __sync_*_compare_and_swap
configure:7452: gcc -o conftest -g -O2  -static-libstdc++ -static-libgcc  conftest.c  >&5
configure:7452: $? = 0
configure:7460: result: yes
configure:7481: gcc -c -g -O2 -fvisibility=hidden  conftest.c >&5
configure:7481: $? = 0
configure:7489: checking whether ADDR_NO_RANDOMIZE is declared
configure:7489: result: yes
configure:7547: gcc -o conftest -g -O2  -static-libstdc++ -static-libgcc  conftest.c  >&5
configure:7547: $? = 0
configure:7547: ./conftest
configure:7547: $? = 1
configure: program exited with status 1
configure: failed program was:
| /* confdefs.h */
| #define PACKAGE_NAME ""
| #define PACKAGE_TARNAME ""
| #define PACKAGE_VERSION ""
| #define PACKAGE_STRING ""
| #define PACKAGE_BUGREPORT ""
| #define PACKAGE_URL ""
| #define STDC_HEADERS 1
| #define HAVE_SYS_TYPES_H 1
| #define HAVE_SYS_STAT_H 1
| #define HAVE_STDLIB_H 1
| #define HAVE_STRING_H 1
| #define HAVE_MEMORY_H 1
| #define HAVE_STRINGS_H 1
| #define HAVE_INTTYPES_H 1
| #define HAVE_STDINT_H 1
| #define HAVE_UNISTD_H 1
| #define __EXTENSIONS__ 1
| #define _ALL_SOURCE 1
| #define _GNU_SOURCE 1
| #define _POSIX_PTHREAD_SEMANTICS 1
| #define _TANDEM_SOURCE 1
| #define STDC_HEADERS 1
| #define HAVE_SGTTY_H 1
| #define HAVE_TERMIO_H 1
| #define HAVE_TERMIOS_H 1
| #define HAVE_SYS_REG_H 1
| #define HAVE_STRING_H 1
| #define HAVE_SYS_PROCFS_H 1
| #define HAVE_LINUX_ELF_H 1
| #define HAVE_FCNTL_H 1
| #define HAVE_SIGNAL_H 1
| #define HAVE_SYS_FILE_H 1
| #define HAVE_SYS_IOCTL_H 1
| #define HAVE_NETINET_IN_H 1
| #define HAVE_SYS_SOCKET_H 1
| #define HAVE_NETDB_H 1
| #define HAVE_NETINET_TCP_H 1
| #define HAVE_ARPA_INET_H 1
| #define HAVE_FORK 1
| #define HAVE_VFORK 1
| #define HAVE_WORKING_VFORK 1
| #define HAVE_WORKING_FORK 1
| #define HAVE_GETAUXVAL 1
| #define HAVE_PREAD 1
| #define HAVE_PWRITE 1
| #define HAVE_PREAD64 1
| #define HAVE_SETNS 1
| #define STDC_HEADERS 1
| #define HAVE_ALLOCA_H 1
| #define HAVE_ALLOCA 1
| #define HAVE_LANGINFO_CODESET 1
| #define HAVE_LINUX_PERF_EVENT_H 1
| #define HAVE_LOCALE_H 1
| #define HAVE_MEMORY_H 1
| #define HAVE_SIGNAL_H 1
| #define HAVE_SYS_RESOURCE_H 1
| #define HAVE_SYS_SOCKET_H 1
| #define HAVE_SYS_SYSCALL_H 1
| #define HAVE_SYS_UN_H 1
| #define HAVE_SYS_WAIT_H 1
| #define HAVE_THREAD_DB_H 1
| #define HAVE_WAIT_H 1
| #define HAVE_GETRLIMIT 1
| #define HAVE_PIPE 1
| #define HAVE_PIPE2 1
| #define HAVE_SOCKETPAIR 1
| #define HAVE_DECL_STRERROR 1
| #define HAVE_DECL_STRSTR 1
| #define HAVE_SIGSETJMP 1
| #define HAVE_SYS_PTRACE_H 1
| #define HAVE_DECL_PTRACE 1
| #define PTRACE_TYPE_RET long
| #define PTRACE_TYPE_ARG1 enum __ptrace_request
| #define PTRACE_TYPE_ARG3 long
| #define PTRACE_TYPE_ARG4 long
| #define HAVE_DLADDR 1
| #define HAVE_LONG_LONG 1
| #define SIZEOF_LONG_LONG 8
| #define HAVE_DECL_BASENAME 1
| #define HAVE_DECL_FFS 1
| #define HAVE_DECL_ASPRINTF 1
| #define HAVE_DECL_VASPRINTF 1
| #define HAVE_DECL_SNPRINTF 1
| #define HAVE_DECL_VSNPRINTF 1
| #define HAVE_DECL_STRTOL 1
| #define HAVE_DECL_STRTOUL 1
| #define HAVE_DECL_STRTOLL 1
| #define HAVE_DECL_STRTOULL 1
| #define HAVE_DECL_STRVERSCMP 1
| #define HAVE_DECL_STRERROR 1
| #define HAVE_DECL_PERROR 1
| #define HAVE_DECL_VASPRINTF 1
| #define HAVE_DECL_VSNPRINTF 1
| #define HAVE_STRUCT_STAT_ST_BLOCKS 1
| #define HAVE_STRUCT_STAT_ST_BLKSIZE 1
| #define HAVE_SOCKLEN_T 1
| #define HAVE_ELF32_AUXV_T 1
| #define HAVE_ELF64_AUXV_T 1
| #define PKGVERSION "(GDB) "
| #define REPORT_BUGS_TO "<http://www.gnu.org/software/gdb/bugs/>"
| #define HAVE_LINUX_USRREGS 1
| #define HAVE_LINUX_REGSETS 1
| #define HAVE_PTRACE_GETREGS 1
| #define HAVE_PTRACE_GETFPXREGS 1
| #define HAVE_LINUX_BTRACE 1
| #define HAVE_LWPID_T 1
| #define HAVE_PSADDR_T 1
| #define HAVE_PRGREGSET_T 1
| #define HAVE_PRFPREGSET_T 1
| #define HAVE_ELF_FPREGSET_T 1
| #define HAVE_LIBDL 1
| #define USE_THREAD_DB 1
| #define HAVE_TD_VERSION 1
| #define USE_XML 1
| #define HAVE_SYNC_BUILTINS 1
| #define HAVE_DECL_ADDR_NO_RANDOMIZE 1
| /* end confdefs.h.  */
| #include <sys/personality.h>
| int
| main ()
| {
| 
| #      if !HAVE_DECL_ADDR_NO_RANDOMIZE
| #       define ADDR_NO_RANDOMIZE 0x0040000
| #      endif
|        /* Test the flag could be set and stays set.  */
|        personality (personality (0xffffffff) | ADDR_NO_RANDOMIZE);
|        if (!(personality (personality (0xffffffff)) & ADDR_NO_RANDOMIZE))
|            return 1
|   ;
|   return 0;
| }
configure:7680: updating cache .././config.cache
configure:7725: creating ./config.status

## ---------------------- ##
## Running config.status. ##
## ---------------------- ##

This file was extended by config.status, which was
generated by GNU Autoconf 2.64.  Invocation command line was

  CONFIG_FILES    = 
  CONFIG_HEADERS  = 
  CONFIG_LINKS    = 
  CONFIG_COMMANDS = 
  $ ./config.status 

on 94d310aac602

config.status:967: creating Makefile
config.status:967: creating config.h
config.status:1147: executing depdir commands

## ---------------- ##
## Cache variables. ##
## ---------------- ##

ac_cv_build=x86_64-pc-linux-gnu
ac_cv_c_bigendian=no
ac_cv_c_compiler_gnu=yes
ac_cv_c_const=yes
ac_cv_c_inline=inline
ac_cv_cxx_compiler_gnu=yes
ac_cv_env_CCC_set=
ac_cv_env_CCC_value=
ac_cv_env_CC_set=set
ac_cv_env_CC_value=gcc
ac_cv_env_CFLAGS_set=set
ac_cv_env_CFLAGS_value='-g -O2'
ac_cv_env_CPPFLAGS_set=
ac_cv_env_CPPFLAGS_value=
ac_cv_env_CPP_set=
ac_cv_env_CPP_value=
ac_cv_env_CXXFLAGS_set=set
ac_cv_env_CXXFLAGS_value='-g -O2'
ac_cv_env_CXX_set=set
ac_cv_env_CXX_value=g++
ac_cv_env_LDFLAGS_set=set
ac_cv_env_LDFLAGS_value='-static-libstdc++ -static-libgcc '
ac_cv_env_LIBS_set=
ac_cv_env_LIBS_value=
ac_cv_env_MAKEINFOFLAGS_set=
ac_cv_env_MAKEINFOFLAGS_value=
ac_cv_env_MAKEINFO_set=set
ac_cv_env_MAKEINFO_value='/root/holbertonschool-low_level_programming/0x02-functions_nested_loops/gdb-7.11/missing makeinfo --split-size=5000000'
ac_cv_env_XMKMF_set=
ac_cv_env_XMKMF_value=
ac_cv_env_YACC_set=set
ac_cv_env_YACC_value='/root/holbertonschool-low_level_programming/0x02-functions_nested_loops/gdb-7.11/missing bison -y'
ac_cv_env_YFLAGS_set=
ac_cv_env_YFLAGS_value=
ac_cv_env_build_alias_set=set
ac_cv_env_build_alias_value=x86_64-pc-linux-gnu
ac_cv_env_host_alias_set=set
ac_cv_env_host_alias_value=x86_64-pc-linux-gnu
ac_cv_env_target_alias_set=set
ac_cv_env_target_alias_value=x86_64-pc-linux-gnu
ac_cv_func__mcleanup=yes
ac_cv_func_alloca_works=yes
ac_cv_func_btowc=yes
ac_cv_func_dladdr=yes
ac_cv_func_fdwalk=no
ac_cv_func_fork=yes
ac_cv_func_fork_works=yes
ac_cv_func_getauxval=yes
ac_cv_func_getgid=yes
ac_cv_func_getpagesize=yes
ac_cv_func_getrlimit=yes
ac_cv_func_getrusage=yes
ac_cv_func_getuid=yes
ac_cv_func_iconvlist=no
ac_cv_func_libiconvlist=no
ac_cv_func_mkdtemp=yes
ac_cv_func_mmap_fixed_mapped=yes
ac_cv_func_monstartup=yes
ac_cv_func_pipe2=yes
ac_cv_func_pipe=yes
ac_cv_func_poll=yes
ac_cv_func_posix_madvise=yes
ac_cv_func_pread64=yes
ac_cv_func_pread=yes
ac_cv_func_ptrace64=no
ac_cv_func_pwrite=yes
ac_cv_func_resize_term=no
ac_cv_func_sbrk=yes
ac_cv_func_setlocale=yes
ac_cv_func_setns=yes
ac_cv_func_setpgid=yes
ac_cv_func_setpgrp=yes
ac_cv_func_setpgrp_void=yes
ac_cv_func_setrlimit=yes
ac_cv_func_setsid=yes
ac_cv_func_sigaction=yes
ac_cv_func_sigaltstack=yes
ac_cv_func_sigprocmask=yes
ac_cv_func_sigsetmask=yes
ac_cv_func_socketpair=yes
ac_cv_func_ttrace=no
ac_cv_func_vfork=yes
ac_cv_func_vfork_works=yes
ac_cv_func_waitpid=yes
ac_cv_func_wborder=no
ac_cv_func_wctype=yes
ac_cv_func_wresize=no
ac_cv_have_decl_ADDR_NO_RANDOMIZE=yes
ac_cv_have_decl_asprintf=yes
ac_cv_have_decl_basename_char_p_=yes
ac_cv_have_decl_ffs=yes
ac_cv_have_decl_free=yes
ac_cv_have_decl_malloc=yes
ac_cv_have_decl_perror=yes
ac_cv_have_decl_ptrace=yes
ac_cv_have_decl_realloc=yes
ac_cv_have_decl_snprintf=yes
ac_cv_have_decl_strerror=yes
ac_cv_have_decl_strstr=yes
ac_cv_have_decl_strtol=yes
ac_cv_have_decl_strtoll=yes
ac_cv_have_decl_strtoul=yes
ac_cv_have_decl_strtoull=yes
ac_cv_have_decl_strverscmp=yes
ac_cv_have_decl_vasprintf=yes
ac_cv_have_decl_vsnprintf=yes
ac_cv_have_x=have_x=no
ac_cv_header_arpa_inet_h=yes
ac_cv_header_cursesX_h=no
ac_cv_header_curses_h=no
ac_cv_header_dlfcn_h=yes
ac_cv_header_elf_hp_h=no
ac_cv_header_fcntl_h=yes
ac_cv_header_inttypes_h=yes
ac_cv_header_libunwind_ia64_h=no
ac_cv_header_linux_elf_h=yes
ac_cv_header_linux_perf_event_h=yes
ac_cv_header_locale_h=yes
ac_cv_header_machine_reg_h=no
ac_cv_header_memory_h=yes
ac_cv_header_minix_config_h=no
ac_cv_header_ncurses_h=no
ac_cv_header_ncurses_ncurses_h=no
ac_cv_header_ncurses_term_h=no
ac_cv_header_netdb_h=yes
ac_cv_header_netinet_in_h=yes
ac_cv_header_netinet_tcp_h=yes
ac_cv_header_nlist_h=no
ac_cv_header_poll_h=yes
ac_cv_header_proc_service_h=no
ac_cv_header_pthread_h=yes
ac_cv_header_ptrace_h=no
ac_cv_header_sgtty_h=yes
ac_cv_header_signal_h=yes
ac_cv_header_stdc=yes
ac_cv_header_stdint_h=yes
ac_cv_header_stdlib_h=yes
ac_cv_header_string_h=yes
ac_cv_header_strings_h=yes
ac_cv_header_sys_debugreg_h=yes
ac_cv_header_sys_fault_h=no
ac_cv_header_sys_file_h=yes
ac_cv_header_sys_filio_h=no
ac_cv_header_sys_ioctl_h=yes
ac_cv_header_sys_param_h=yes
ac_cv_header_sys_poll_h=yes
ac_cv_header_sys_proc_h=no
ac_cv_header_sys_procfs_h=yes
ac_cv_header_sys_ptrace_h=yes
ac_cv_header_sys_reg_h=yes
ac_cv_header_sys_resource_h=yes
ac_cv_header_sys_select_h=yes
ac_cv_header_sys_socket_h=yes
ac_cv_header_sys_stat_h=yes
ac_cv_header_sys_syscall_h=yes
ac_cv_header_sys_types_h=yes
ac_cv_header_sys_un_h=yes
ac_cv_header_sys_user_h=yes
ac_cv_header_sys_wait_h=yes
ac_cv_header_term_h=no
ac_cv_header_termio_h=yes
ac_cv_header_termios_h=yes
ac_cv_header_thread_db_h=yes
ac_cv_header_unistd_h=yes
ac_cv_header_vfork_h=no
ac_cv_header_wait_h=yes
ac_cv_header_windows_h=no
ac_cv_host=x86_64-pc-linux-gnu
ac_cv_lib_dl_dlopen=yes
ac_cv_lib_m_main=yes
ac_cv_libbabeltrace=no
ac_cv_libexpat=no
ac_cv_libipt=no
ac_cv_liblzma=no
ac_cv_member_struct_ptrace_lwpinfo_pl_tdname=no
ac_cv_member_struct_reg_r_fs=no
ac_cv_member_struct_reg_r_gs=no
ac_cv_member_struct_stat_st_blksize=yes
ac_cv_member_struct_stat_st_blocks=yes
ac_cv_member_struct_thread_td_pcb=no
ac_cv_member_struct_user_regs_struct_fs_base=yes
ac_cv_member_struct_user_regs_struct_gs_base=yes
ac_cv_objext=o
ac_cv_path_EGREP='/bin/grep -E'
ac_cv_path_GREP=/bin/grep
ac_cv_path_pkg_config_prog_path=missing
ac_cv_path_python_prog_path=/usr/bin/python
ac_cv_prog_AR=ar
ac_cv_prog_AWK=mawk
ac_cv_prog_CC=gcc
ac_cv_prog_CPP='gcc -E'
ac_cv_prog_DLLTOOL=dlltool
ac_cv_prog_MAKE=make
ac_cv_prog_RANLIB=ranlib
ac_cv_prog_WINDRES=windres
ac_cv_prog_YACC='/root/holbertonschool-low_level_programming/0x02-functions_nested_loops/gdb-7.11/missing bison -y'
ac_cv_prog_cc_c89=
ac_cv_prog_cc_g=yes
ac_cv_prog_cxx_g=yes
ac_cv_prog_make_make_set=yes
ac_cv_safe_to_define___extensions__=yes
ac_cv_search_dlopen=-ldl
ac_cv_search_gethostbyname='none required'
ac_cv_search_kinfo_getvmmap=no
ac_cv_search_socketpair='none required'
ac_cv_search_tgetent=no
ac_cv_search_waddstr=no
ac_cv_sizeof_long_long=8
ac_cv_sizeof_unsigned___int128=16
ac_cv_sizeof_unsigned_long=8
ac_cv_sizeof_unsigned_long_long=8
ac_cv_sys_file_offset_bits=no
ac_cv_sys_largefile_CC=no
ac_cv_target=x86_64-pc-linux-gnu
ac_cv_type_Elf32_auxv_t=yes
ac_cv_type_Elf64_auxv_t=yes
ac_cv_type_long_long=yes
ac_cv_type_pid_t=yes
ac_cv_type_socklen_t=yes
ac_cv_var__etext=yes
ac_cv_var_etext=yes
ac_cv_working_alloca_h=yes
acl_cv_hardcode_direct=no
acl_cv_hardcode_libdir_flag_spec='${wl}-rpath ${wl}$libdir'
acl_cv_hardcode_libdir_separator=
acl_cv_hardcode_minus_L=no
acl_cv_libext=a
acl_cv_path_LD=ld
acl_cv_prog_gnu_ld=yes
acl_cv_rpath=done
acl_cv_shlibext=so
acl_cv_wl=-Wl,
am_cv_CC_dependencies_compiler_type=gcc3
am_cv_func_iconv=yes
am_cv_langinfo_codeset=yes
am_cv_lib_iconv=no
am_cv_prog_cc_stdc=
am_cv_proto_iconv='extern size_t iconv (iconv_t cd, char * *inbuf, size_t *inbytesleft, char * *outbuf, size_t *outbytesleft);'
am_cv_proto_iconv_arg1=
am_cv_val_LC_MESSAGES=yes
bfd_cv_have_sys_procfs_type_elf_fpregset_t=yes
bfd_cv_have_sys_procfs_type_fpregset_t=no
bfd_cv_have_sys_procfs_type_gregset_t=no
bfd_cv_have_sys_procfs_type_lwpid_t=yes
bfd_cv_have_sys_procfs_type_pr_sigaction64_t=no
bfd_cv_have_sys_procfs_type_pr_siginfo64_t=no
bfd_cv_have_sys_procfs_type_pr_sigset_t=no
bfd_cv_have_sys_procfs_type_prfpregset_t=yes
bfd_cv_have_sys_procfs_type_prgregset32_t=no
bfd_cv_have_sys_procfs_type_prgregset_t=yes
bfd_cv_have_sys_procfs_type_prsysent_t=no
bfd_cv_have_sys_procfs_type_psaddr_t=yes
gdb_cv_c_long_double=yes
gdb_cv_c_long_long=yes
gdb_cv_func_ptrace_args='enum __ptrace_request,int,long,long'
gdb_cv_func_ptrace_ret=long
gdb_cv_func_sigsetjmp=yes
gdb_cv_have_gnu_regex=yes
gdb_cv_have_makeinfo_click=no
gdb_cv_have_pt_getdbregs=no
gdb_cv_have_pt_getxmmregs=no
gdb_cv_have_ptrace_getfpxregs=yes
gdb_cv_have_ptrace_getregs=yes
gdb_cv_os_cygwin=no
gdb_cv_prfpregset_t_broken=no
gdb_cv_printf_has_decfloat=no
gdb_cv_printf_has_long_double=yes
gdb_cv_printf_has_long_long=yes
gdb_cv_scanf_has_long_double=yes
gdb_cv_struct_lwp=no
gdb_cv_struct_reg=no
gdb_cv_thread_db_h_has_td_notalloc=yes
gdb_cv_thread_db_h_has_td_notls=yes
gdb_cv_thread_db_h_has_td_version=yes
gdb_cv_var_elf=yes
gdb_cv_var_macho=no
gdbsrv_cv_have_personality=false
gdbsrv_cv_have_ptrace_getfpxregs=yes
gdbsrv_cv_have_ptrace_getregs=yes
gdbsrv_cv_have_sync_builtins=yes
gdbsrv_cv_have_td_version=yes
gdbsrv_cv_have_visibility_hidden=yes

## ----------------- ##
## Output variables. ##
## ----------------- ##

ALLOCA=''
AR='ar'
CC='gcc'
CCDEPMODE='depmode=gcc3'
CFLAGS='-g -O2'
COMPILER='$(CC)'
COMPILER_CFLAGS='$(CFLAGS)'
CPP='gcc -E'
CPPFLAGS=''
CXX='g++'
CXXFLAGS='-g -O2'
DEFS='-DHAVE_CONFIG_H'
DEPDIR='.deps'
ECHO_C=''
ECHO_N='-n'
ECHO_T=''
EGREP='/bin/grep -E'
EXEEXT=''
GDBSERVER_DEPFILES='amd64-linux.o amd64-avx-linux.o amd64-avx512-linux.o amd64-mpx-linux.o x32-linux.o x32-avx-linux.o x32-avx512-linux.o i386-linux.o i386-avx-linux.o i386-avx512-linux.o i386-mpx-linux.o i386-mmx-linux.o linux-low.o linux-osdata.o linux-procfs.o linux-ptrace.o linux-waitpid.o linux-personality.o linux-namespaces.o linux-x86-low.o x86-low.o x86-dregs.o i387-fp.o linux-btrace.o x86-linux.o x86-linux-dregs.o amd64-linux-siginfo.o hostio-errno.o thread-db.o proc-service.o posix-strerror.o'
GDBSERVER_LIBS='-ldl'
GMAKE_FALSE='#'
GMAKE_TRUE=''
GNULIB_STDINT_H=''
GREP='/bin/grep'
INSTALL_DATA='/usr/bin/install -c -m 644'
INSTALL_PROGRAM='/usr/bin/install -c'
INSTALL_SCRIPT='/usr/bin/install -c'
IPA_DEPFILES='amd64-linux-ipa.o linux-amd64-ipa.o'
LDFLAGS='-static-libstdc++ -static-libgcc '
LIBOBJS=''
LIBS=''
LTLIBOBJS=''
MAINT='#'
MAINTAINER_MODE_FALSE=''
MAINTAINER_MODE_TRUE='#'
MAKE='make'
OBJEXT='o'
PACKAGE_BUGREPORT=''
PACKAGE_NAME=''
PACKAGE_STRING=''
PACKAGE_TARNAME=''
PACKAGE_URL=''
PACKAGE_VERSION=''
PATH_SEPARATOR=':'
PKGVERSION='(GDB) '
RANLIB='ranlib'
RDYNAMIC='-Wl,--dynamic-list=$(srcdir)/proc-service.list'
REPORT_BUGS_TEXI='@uref{http://www.gnu.org/software/gdb/bugs/}'
REPORT_BUGS_TO='<http://www.gnu.org/software/gdb/bugs/>'
SET_MAKE=''
SHELL='/bin/bash'
WARN_CFLAGS=' -Wall -Wpointer-arith -Wno-unused -Wunused-value -Wunused-function -Wno-switch -Wno-char-subscripts -Wempty-body -Wpointer-sign -Wmissing-prototypes -Wdeclaration-after-statement -Wmissing-parameter-type -Wold-style-declaration -Wold-style-definition -Wformat-nonliteral -Wno-missing-prototypes'
WERROR_CFLAGS=''
ac_ct_CC=''
ac_ct_CXX=''
am__leading_dot='.'
bindir='${exec_prefix}/bin'
build='x86_64-pc-linux-gnu'
build_alias='x86_64-pc-linux-gnu'
build_cpu='x86_64'
build_os='linux-gnu'
build_vendor='pc'
datadir='${datarootdir}'
datarootdir='${prefix}/share'
docdir='${datarootdir}/doc/${PACKAGE}'
dvidir='${docdir}'
exec_prefix='${prefix}'
extra_libraries=' libinproctrace.so'
host='x86_64-pc-linux-gnu'
host_alias='x86_64-pc-linux-gnu'
host_cpu='x86_64'
host_noncanonical='x86_64-pc-linux-gnu'
host_os='linux-gnu'
host_vendor='pc'
htmldir='${docdir}'
includedir='${prefix}/include'
infodir='${datarootdir}/info'
libdir='${exec_prefix}/lib'
libexecdir='${exec_prefix}/libexec'
localedir='${datarootdir}/locale'
localstatedir='${prefix}/var'
mandir='${datarootdir}/man'
oldincludedir='/usr/include'
pdfdir='${docdir}'
prefix='/usr/local'
program_transform_name='s,y,y,'
psdir='${docdir}'
sbindir='${exec_prefix}/sbin'
sharedstatedir='${prefix}/com'
srv_xmlbuiltin='xml-builtin.o'
srv_xmlfiles=' $(XML_DIR)/i386/i386-linux.xml $(XML_DIR)/i386/i386-avx-linux.xml $(XML_DIR)/i386/i386-avx512-linux.xml $(XML_DIR)/i386/i386-mmx-linux.xml $(XML_DIR)/i386/32bit-linux.xml $(XML_DIR)/i386/i386-mpx-linux.xml $(XML_DIR)/i386/32bit-core.xml $(XML_DIR)/i386/32bit-sse.xml $(XML_DIR)/i386/32bit-avx.xml $(XML_DIR)/i386/32bit-avx512.xml $(XML_DIR)/i386/32bit-mpx.xml $(XML_DIR)/i386/amd64-linux.xml $(XML_DIR)/i386/amd64-avx-linux.xml $(XML_DIR)/i386/amd64-avx512-linux.xml $(XML_DIR)/i386/64bit-linux.xml $(XML_DIR)/i386/amd64-mpx-linux.xml $(XML_DIR)/i386/x32-linux.xml $(XML_DIR)/i386/x32-avx-linux.xml $(XML_DIR)/i386/x32-avx512-linux.xml $(XML_DIR)/i386/64bit-core.xml $(XML_DIR)/i386/64bit-sse.xml $(XML_DIR)/i386/64bit-avx.xml $(XML_DIR)/i386/64bit-avx512.xml $(XML_DIR)/i386/x32-core.xml $(XML_DIR)/i386/64bit-mpx.xml'
sysconfdir='${prefix}/etc'
target='x86_64-pc-linux-gnu'
target_alias='x86_64-pc-linux-gnu'
target_cpu='x86_64'
target_noncanonical='x86_64-pc-linux-gnu'
target_os='linux-gnu'
target_vendor='pc'
ustinc=''
ustlibs=''

## ----------- ##
## confdefs.h. ##
## ----------- ##

/* confdefs.h */
#define PACKAGE_NAME ""
#define PACKAGE_TARNAME ""
#define PACKAGE_VERSION ""
#define PACKAGE_STRING ""
#define PACKAGE_BUGREPORT ""
#define PACKAGE_URL ""
#define STDC_HEADERS 1
#define HAVE_SYS_TYPES_H 1
#define HAVE_SYS_STAT_H 1
#define HAVE_STDLIB_H 1
#define HAVE_STRING_H 1
#define HAVE_MEMORY_H 1
#define HAVE_STRINGS_H 1
#define HAVE_INTTYPES_H 1
#define HAVE_STDINT_H 1
#define HAVE_UNISTD_H 1
#define __EXTENSIONS__ 1
#define _ALL_SOURCE 1
#define _GNU_SOURCE 1
#define _POSIX_PTHREAD_SEMANTICS 1
#define _TANDEM_SOURCE 1
#define STDC_HEADERS 1
#define HAVE_SGTTY_H 1
#define HAVE_TERMIO_H 1
#define HAVE_TERMIOS_H 1
#define HAVE_SYS_REG_H 1
#define HAVE_STRING_H 1
#define HAVE_SYS_PROCFS_H 1
#define HAVE_LINUX_ELF_H 1
#define HAVE_FCNTL_H 1
#define HAVE_SIGNAL_H 1
#define HAVE_SYS_FILE_H 1
#define HAVE_SYS_IOCTL_H 1
#define HAVE_NETINET_IN_H 1
#define HAVE_SYS_SOCKET_H 1
#define HAVE_NETDB_H 1
#define HAVE_NETINET_TCP_H 1
#define HAVE_ARPA_INET_H 1
#define HAVE_FORK 1
#define HAVE_VFORK 1
#define HAVE_WORKING_VFORK 1
#define HAVE_WORKING_FORK 1
#define HAVE_GETAUXVAL 1
#define HAVE_PREAD 1
#define HAVE_PWRITE 1
#define HAVE_PREAD64 1
#define HAVE_SETNS 1
#define STDC_HEADERS 1
#define HAVE_ALLOCA_H 1
#define HAVE_ALLOCA 1
#define HAVE_LANGINFO_CODESET 1
#define HAVE_LINUX_PERF_EVENT_H 1
#define HAVE_LOCALE_H 1
#define HAVE_MEMORY_H 1
#define HAVE_SIGNAL_H 1
#define HAVE_SYS_RESOURCE_H 1
#define HAVE_SYS_SOCKET_H 1
#define HAVE_SYS_SYSCALL_H 1
#define HAVE_SYS_UN_H 1
#define HAVE_SYS_WAIT_H 1
#define HAVE_THREAD_DB_H 1
#define HAVE_WAIT_H 1
#define HAVE_GETRLIMIT 1
#define HAVE_PIPE 1
#define HAVE_PIPE2 1
#define HAVE_SOCKETPAIR 1
#define HAVE_DECL_STRERROR 1
#define HAVE_DECL_STRSTR 1
#define HAVE_SIGSETJMP 1
#define HAVE_SYS_PTRACE_H 1
#define HAVE_DECL_PTRACE 1
#define PTRACE_TYPE_RET long
#define PTRACE_TYPE_ARG1 enum __ptrace_request
#define PTRACE_TYPE_ARG3 long
#define PTRACE_TYPE_ARG4 long
#define HAVE_DLADDR 1
#define HAVE_LONG_LONG 1
#define SIZEOF_LONG_LONG 8
#define HAVE_DECL_BASENAME 1
#define HAVE_DECL_FFS 1
#define HAVE_DECL_ASPRINTF 1
#define HAVE_DECL_VASPRINTF 1
#define HAVE_DECL_SNPRINTF 1
#define HAVE_DECL_VSNPRINTF 1
#define HAVE_DECL_STRTOL 1
#define HAVE_DECL_STRTOUL 1
#define HAVE_DECL_STRTOLL 1
#define HAVE_DECL_STRTOULL 1
#define HAVE_DECL_STRVERSCMP 1
#define HAVE_DECL_STRERROR 1
#define HAVE_DECL_PERROR 1
#define HAVE_DECL_VASPRINTF 1
#define HAVE_DECL_VSNPRINTF 1
#define HAVE_STRUCT_STAT_ST_BLOCKS 1
#define HAVE_STRUCT_STAT_ST_BLKSIZE 1
#define HAVE_SOCKLEN_T 1
#define HAVE_ELF32_AUXV_T 1
#define HAVE_ELF64_AUXV_T 1
#define PKGVERSION "(GDB) "
#define REPORT_BUGS_TO "<http://www.gnu.org/software/gdb/bugs/>"
#define HAVE_LINUX_USRREGS 1
#define HAVE_LINUX_REGSETS 1
#define HAVE_PTRACE_GETREGS 1
#define HAVE_PTRACE_GETFPXREGS 1
#define HAVE_LINUX_BTRACE 1
#define HAVE_LWPID_T 1
#define HAVE_PSADDR_T 1
#define HAVE_PRGREGSET_T 1
#define HAVE_PRFPREGSET_T 1
#define HAVE_ELF_FPREGSET_T 1
#define HAVE_LIBDL 1
#define USE_THREAD_DB 1
#define HAVE_TD_VERSION 1
#define USE_XML 1
#define HAVE_SYNC_BUILTINS 1
#define HAVE_DECL_ADDR_NO_RANDOMIZE 1

configure: exit 0

## ---------------------- ##
## Running config.status. ##
## ---------------------- ##

This file was extended by config.status, which was
generated by GNU Autoconf 2.64.  Invocation command line was

  CONFIG_FILES    = 
  CONFIG_HEADERS  = config.h:config.in
  CONFIG_LINKS    = 
  CONFIG_COMMANDS = 
  $ ./config.status 

on 94d310aac602

config.status:967: creating config.h
config.status:1133: config.h is unchanged
config.status:1147: executing depdir commands

## ---------------------- ##
## Running config.status. ##
## ---------------------- ##

This file was extended by config.status, which was
generated by GNU Autoconf 2.64.  Invocation command line was

  CONFIG_FILES    = 
  CONFIG_HEADERS  = config.h:config.in
  CONFIG_LINKS    = 
  CONFIG_COMMANDS = 
  $ ./config.status 

on 94d310aac602

config.status:967: creating config.h
config.status:1133: config.h is unchanged
config.status:1147: executing depdir commands
